<?xml version="1.0" encoding="UTF-8"?>
<!-- Generated by org.testng.reporters.JUnitReportReporter -->
<testsuite hostname="DESKTOP-AV4D4UB" failures="0" tests="9" name="TestNG.SignupPage_Test" time="92.118" errors="0" timestamp="2024-05-04T14:49:00 IST" skipped="0">
  <testcase classname="TestNG.SignupPage_Test" name="VerifySignupWithInvalid" time="7.563"/>
  <testcase classname="TestNG.SignupPage_Test" name="VerifySignupWithValid" time="9.490"/>
  <testcase classname="TestNG.SignupPage_Test" name="VerifytheLoginFunctionalityWithValidUsernamePassword" time="11.682"/>
  <testcase classname="TestNG.SignupPage_Test" name="VerifySignupWithValid" time="9.314"/>
  <testcase classname="TestNG.SignupPage_Test" name="VerifySignupWithInvalid" time="13.529"/>
  <testcase classname="TestNG.SignupPage_Test" name="VerifySignupWithInvalid" time="14.134"/>
  <testcase classname="TestNG.SignupPage_Test" name="VerifytheLoginFunctionalityWithValidUsernamePassword" time="8.508"/>
  <testcase classname="TestNG.SignupPage_Test" name="VerifytheLoginFunctionalityWithValidUsernamePassword" time="9.404"/>
  <testcase classname="TestNG.SignupPage_Test" name="VerifySignupWithValid" time="8.494"/>
</testsuite> <!-- TestNG.SignupPage_Test -->
