<?xml version="1.0" encoding="UTF-8"?>
<!-- Generated by org.testng.reporters.JUnitReportReporter -->
<testsuite hostname="DESKTOP-AV4D4UB" failures="0" tests="6" name="TestNG.LoginAndSiignupPage_Test" time="63.877" errors="0" timestamp="2024-05-04T14:49:00 IST" skipped="0">
  <testcase classname="TestNG.LoginAndSiignupPage_Test" name="VerifytheLoginFunctionalityWithInvalidUsernamePassword" time="13.272"/>
  <testcase classname="TestNG.LoginAndSiignupPage_Test" name="VerifytheLoginFunctionalityWithValidUsernamePassword" time="6.929"/>
  <testcase classname="TestNG.LoginAndSiignupPage_Test" name="VerifytheLoginFunctionalityWithInvalidUsernamePassword" time="11.670"/>
  <testcase classname="TestNG.LoginAndSiignupPage_Test" name="VerifytheLoginFunctionalityWithValidUsernamePassword" time="16.903"/>
  <testcase classname="TestNG.LoginAndSiignupPage_Test" name="VerifytheLoginFunctionalityWithValidUsernamePassword" time="10.178"/>
  <testcase classname="TestNG.LoginAndSiignupPage_Test" name="VerifytheLoginFunctionalityWithInvalidUsernamePassword" time="4.925"/>
</testsuite> <!-- TestNG.LoginAndSiignupPage_Test -->
