<?xml version="1.0" encoding="UTF-8"?>
<!-- Generated by org.testng.reporters.JUnitReportReporter -->
<testsuite hostname="DESKTOP-AV4D4UB" failures="0" tests="4" name="TestNG_Keywords.TestNG_Priority" time="17.399" errors="0" timestamp="2024-04-17T19:32:34 IST" skipped="0">
  <testcase classname="TestNG_Keywords.TestNG_Priority" name="VerifyPasswordWithValidEmail" time="3.185"/>
  <testcase classname="TestNG_Keywords.TestNG_Priority" name="VerifyPasswordWithinvalidEmail" time="3.116"/>
  <testcase classname="TestNG_Keywords.TestNG_Priority" name="VerifyPasswordWithValidEmail1" time="7.674"/>
  <testcase classname="TestNG_Keywords.TestNG_Priority" name="VerifyPasswordWithinvalidEmail1" time="3.424"/>
</testsuite> <!-- TestNG_Keywords.TestNG_Priority -->
