<?xml version="1.0" encoding="UTF-8"?>
<!-- Generated by org.testng.reporters.JUnitReportReporter -->
<testsuite hostname="DESKTOP-AV4D4UB" failures="0" tests="1" name="Test.Testng1" time="0.034" errors="0" timestamp="2024-04-15T14:15:41 IST" skipped="0">
  <testcase classname="Test.Testng1" name="test1" time="0.034"/>
</testsuite> <!-- Test.Testng1 -->
