<?xml version="1.0" encoding="UTF-8"?>
<!-- Generated by org.testng.reporters.JUnitReportReporter -->
<testsuite hostname="DESKTOP-AV4D4UB" failures="0" tests="1" name="Test.TestNG" time="0.059" errors="0" timestamp="2024-04-15T13:43:49 IST" skipped="0">
  <testcase classname="Test.TestNG" name="test1" time="0.059"/>
</testsuite> <!-- Test.TestNG -->
